#! /usr/share/iverilog-0.10.0/bin/vvp
:ivl_version "0.10.0 (devel)" "(v0_9_6)";
:ivl_delay_selection "TYPICAL";
:vpi_time_precision - 12;
:vpi_module "system";
:vpi_module "vhdl_sys";
:vpi_module "v2005_math";
:vpi_module "va_math";
:vpi_module "v2009";
S_0x264ba60 .scope module, "tb_simple_CPU" "tb_simple_CPU" 2 3;
 .timescale -9 -12;
P_0x2659650 .param/l "ADDR_BITS" 0 2 6, +C4<0101>;
P_0x2659690 .param/l "DATA_WIDTH" 0 2 5, +C4<01000>;
P_0x26596d0 .param/l "INSTR_WIDTH" 0 2 7, +C4<010100>;
v0x26a7dd0_0 .var "clk", 0 0;
v0x26a7f00_0 .var "instruction", 19 0;
v0x26a7fc0_0 .var "rst", 0 0;
S_0x2680820 .scope module, "SCPU_DUT" "simple_cpu" 2 13, 3 7 0, S_0x264ba60;
 .timescale -9 -12;
    .port_info 0 /INPUT 1 "clk"
    .port_info 1 /INPUT 1 "rst"
    .port_info 2 /INPUT 20 "instruction"
P_0x26352b0 .param/l "ADDR_BITS" 0 3 10, +C4<0101>;
P_0x26352f0 .param/l "DATA_WIDTH" 0 3 9, +C4<01000>;
P_0x2635330 .param/l "INSTR_WIDTH" 0 3 11, +C4<010100>;
L_0x26a81a0 .functor BUFZ 8, v0x26a4260_0, C4<00000000>, C4<00000000>, C4<00000000>;
L_0x26a8b80 .functor BUFZ 8, v0x26a4340_0, C4<00000000>, C4<00000000>, C4<00000000>;
v0x26a5db0_0 .net *"_s10", 0 0, L_0x26a83e0;  1 drivers
v0x26a5e90_0 .net *"_s12", 2 0, L_0x26a8520;  1 drivers
L_0x7f0ebd1ae0a8 .functor BUFT 1, C4<00>, C4<0>, C4<0>, C4<0>;
v0x26a5f70_0 .net *"_s15", 1 0, L_0x7f0ebd1ae0a8;  1 drivers
L_0x7f0ebd1ae0f0 .functor BUFT 1, C4<001>, C4<0>, C4<0>, C4<0>;
v0x26a6030_0 .net/2u *"_s16", 2 0, L_0x7f0ebd1ae0f0;  1 drivers
v0x26a6110_0 .net *"_s18", 0 0, L_0x26a8610;  1 drivers
L_0x7f0ebd1ae138 .functor BUFT 1, C4<xxxxxxxx>, C4<0>, C4<0>, C4<0>;
v0x26a6220_0 .net *"_s20", 7 0, L_0x7f0ebd1ae138;  1 drivers
v0x26a6300_0 .net *"_s22", 7 0, L_0x26a87d0;  1 drivers
v0x26a63e0_0 .net *"_s28", 1 0, L_0x26a8c40;  1 drivers
L_0x7f0ebd1ae180 .functor BUFT 1, C4<0>, C4<0>, C4<0>, C4<0>;
v0x26a64c0_0 .net *"_s31", 0 0, L_0x7f0ebd1ae180;  1 drivers
L_0x7f0ebd1ae1c8 .functor BUFT 1, C4<00>, C4<0>, C4<0>, C4<0>;
v0x26a6630_0 .net/2u *"_s32", 1 0, L_0x7f0ebd1ae1c8;  1 drivers
v0x26a6710_0 .net *"_s34", 0 0, L_0x26a8dd0;  1 drivers
v0x26a67d0_0 .net *"_s36", 2 0, L_0x26a8f10;  1 drivers
L_0x7f0ebd1ae210 .functor BUFT 1, C4<00>, C4<0>, C4<0>, C4<0>;
v0x26a68b0_0 .net *"_s39", 1 0, L_0x7f0ebd1ae210;  1 drivers
v0x26a6990_0 .net *"_s4", 1 0, L_0x26a82d0;  1 drivers
L_0x7f0ebd1ae258 .functor BUFT 1, C4<001>, C4<0>, C4<0>, C4<0>;
v0x26a6a70_0 .net/2u *"_s40", 2 0, L_0x7f0ebd1ae258;  1 drivers
v0x26a6b50_0 .net *"_s42", 0 0, L_0x26a90a0;  1 drivers
L_0x7f0ebd1ae2a0 .functor BUFT 1, C4<xxxxxxxx>, C4<0>, C4<0>, C4<0>;
v0x26a6c10_0 .net *"_s44", 7 0, L_0x7f0ebd1ae2a0;  1 drivers
v0x26a6dc0_0 .net *"_s46", 7 0, L_0x26a9190;  1 drivers
L_0x7f0ebd1ae018 .functor BUFT 1, C4<0>, C4<0>, C4<0>, C4<0>;
v0x26a6e60_0 .net *"_s7", 0 0, L_0x7f0ebd1ae018;  1 drivers
L_0x7f0ebd1ae060 .functor BUFT 1, C4<00>, C4<0>, C4<0>, C4<0>;
v0x26a6f40_0 .net/2u *"_s8", 1 0, L_0x7f0ebd1ae060;  1 drivers
v0x26a7020_0 .net "clk", 0 0, v0x26a7dd0_0;  1 drivers
v0x26a70c0_0 .net "data_in_i", 7 0, L_0x26a8b80;  1 drivers
v0x26a7180_0 .net "data_out_i", 7 0, v0x26a5a70_0;  1 drivers
v0x26a7250_0 .net "instruction", 19 0, v0x26a7f00_0;  1 drivers
v0x26a7320_0 .net "offset_i", 7 0, v0x26a4050_0;  1 drivers
v0x26a73f0_0 .net "opcode_i", 3 0, v0x26a4130_0;  1 drivers
v0x26a7490_0 .net "operand_1_i", 7 0, v0x26a4260_0;  1 drivers
v0x26a7550_0 .net "operand_2_i", 7 0, v0x26a4340_0;  1 drivers
v0x26a7620_0 .net "operand_a_i", 7 0, L_0x26a81a0;  1 drivers
v0x26a76f0_0 .net "operand_b_i", 7 0, L_0x26a89a0;  1 drivers
v0x26a77c0_0 .net "result1_i", 7 0, v0x26a5220_0;  1 drivers
v0x26a7890_0 .net "result2_i", 7 0, L_0x26a9340;  1 drivers
v0x26a7960_0 .net "rst", 0 0, v0x26a7fc0_0;  1 drivers
v0x26a6ce0_0 .net "sel1_i", 0 0, v0x26a4710_0;  1 drivers
v0x26a7c10_0 .net "sel3_i", 0 0, v0x26a47d0_0;  1 drivers
v0x26a7ce0_0 .net "wen_i", 0 0, v0x26a4970_0;  1 drivers
L_0x26a80b0 .part v0x26a5220_0, 0, 5;
L_0x26a82d0 .concat [ 1 1 0 0], v0x26a47d0_0, L_0x7f0ebd1ae018;
L_0x26a83e0 .cmp/eq 2, L_0x26a82d0, L_0x7f0ebd1ae060;
L_0x26a8520 .concat [ 1 2 0 0], v0x26a47d0_0, L_0x7f0ebd1ae0a8;
L_0x26a8610 .cmp/eq 3, L_0x26a8520, L_0x7f0ebd1ae0f0;
L_0x26a87d0 .functor MUXZ 8, L_0x7f0ebd1ae138, v0x26a4050_0, L_0x26a8610, C4<>;
L_0x26a89a0 .functor MUXZ 8, L_0x26a87d0, v0x26a4340_0, L_0x26a83e0, C4<>;
L_0x26a8c40 .concat [ 1 1 0 0], v0x26a4710_0, L_0x7f0ebd1ae180;
L_0x26a8dd0 .cmp/eq 2, L_0x26a8c40, L_0x7f0ebd1ae1c8;
L_0x26a8f10 .concat [ 1 2 0 0], v0x26a4710_0, L_0x7f0ebd1ae210;
L_0x26a90a0 .cmp/eq 3, L_0x26a8f10, L_0x7f0ebd1ae258;
L_0x26a9190 .functor MUXZ 8, L_0x7f0ebd1ae2a0, v0x26a5220_0, L_0x26a90a0, C4<>;
L_0x26a9340 .functor MUXZ 8, L_0x26a9190, v0x26a5a70_0, L_0x26a8dd0, C4<>;
S_0x2658920 .scope module, "CU1" "CU" 3 40, 4 3 0, S_0x2680820;
 .timescale -9 -12;
    .port_info 0 /INPUT 1 "clk"
    .port_info 1 /INPUT 1 "rst"
    .port_info 2 /INPUT 20 "instr"
    .port_info 3 /INPUT 8 "result2"
    .port_info 4 /OUTPUT 8 "operand1"
    .port_info 5 /OUTPUT 8 "operand2"
    .port_info 6 /OUTPUT 8 "offset"
    .port_info 7 /OUTPUT 4 "opcode"
    .port_info 8 /OUTPUT 1 "sel1"
    .port_info 9 /OUTPUT 1 "sel3"
    .port_info 10 /OUTPUT 1 "w_r"
P_0x266fe00 .param/l "ADDR_BITS" 0 4 6, +C4<0101>;
P_0x266fe40 .param/l "DATA_WIDTH" 0 4 5, +C4<01000>;
P_0x266fe80 .param/l "DECODE" 0 4 26, C4<0001>;
P_0x266fec0 .param/l "EXECUTE" 0 4 27, C4<0010>;
P_0x266ff00 .param/l "INSTR_WIDTH" 0 4 7, +C4<010100>;
P_0x266ff40 .param/l "MEM_ACCESS" 0 4 28, C4<0100>;
P_0x266ff80 .param/l "RESET" 0 4 25, C4<0000>;
P_0x266ffc0 .param/l "WRITE_BACK" 0 4 29, C4<1000>;
v0x264b8c0_0 .net "clk", 0 0, v0x26a7dd0_0;  alias, 1 drivers
v0x26a3e80_0 .net "instr", 19 0, v0x26a7f00_0;  alias, 1 drivers
v0x26a3f60_0 .var "instruction", 19 0;
v0x26a4050_0 .var "offset", 7 0;
v0x26a4130_0 .var "opcode", 3 0;
v0x26a4260_0 .var "operand1", 7 0;
v0x26a4340_0 .var "operand2", 7 0;
v0x26a4420 .array "regfile", 3 0, 7 0;
v0x26a44e0_0 .net "result2", 7 0, L_0x26a9340;  alias, 1 drivers
v0x26a4650_0 .net "rst", 0 0, v0x26a7fc0_0;  alias, 1 drivers
v0x26a4710_0 .var "sel1", 0 0;
v0x26a47d0_0 .var "sel3", 0 0;
v0x26a4890_0 .var "state", 3 0;
v0x26a4970_0 .var "w_r", 0 0;
E_0x2635270 .event posedge, v0x264b8c0_0;
S_0x26a4bf0 .scope module, "alu1" "alu" 3 34, 5 3 0, S_0x2680820;
 .timescale -9 -12;
    .port_info 0 /INPUT 1 "clk"
    .port_info 1 /INPUT 8 "operand_a"
    .port_info 2 /INPUT 8 "operand_b"
    .port_info 3 /INPUT 4 "opcode"
    .port_info 4 /OUTPUT 8 "result"
P_0x26a4d90 .param/l "DATA_WIDTH" 0 5 4, +C4<01000>;
v0x26a4ed0_0 .net "clk", 0 0, v0x26a7dd0_0;  alias, 1 drivers
v0x26a4fa0_0 .net "opcode", 3 0, v0x26a4130_0;  alias, 1 drivers
v0x26a5070_0 .net "operand_a", 7 0, L_0x26a81a0;  alias, 1 drivers
v0x26a5140_0 .net "operand_b", 7 0, L_0x26a89a0;  alias, 1 drivers
v0x26a5220_0 .var "result", 7 0;
S_0x26a53f0 .scope module, "data_memory" "reg_mem" 3 37, 6 3 0, S_0x2680820;
 .timescale -9 -12;
    .port_info 0 /INPUT 5 "addr"
    .port_info 1 /INPUT 8 "data_in"
    .port_info 2 /INPUT 1 "wen"
    .port_info 3 /INPUT 1 "clk"
    .port_info 4 /OUTPUT 8 "data_out"
P_0x26a55c0 .param/l "ADDR_BITS" 0 6 6, +C4<0101>;
P_0x26a5600 .param/l "DATA_WIDTH" 0 6 5, +C4<01000>;
v0x26a57e0_0 .net "addr", 4 0, L_0x26a80b0;  1 drivers
v0x26a58c0_0 .net "clk", 0 0, v0x26a7dd0_0;  alias, 1 drivers
v0x26a59d0_0 .net "data_in", 7 0, L_0x26a8b80;  alias, 1 drivers
v0x26a5a70_0 .var "data_out", 7 0;
v0x26a5b50 .array "mem_array", 0 31, 7 0;
v0x26a5c60_0 .net "wen", 0 0, v0x26a4970_0;  alias, 1 drivers
    .scope S_0x26a4bf0;
T_0 ;
    %wait E_0x2635270;
    %load/v 8, v0x26a4fa0_0, 4;
    %cmpi/u 8, 0, 4;
    %jmp/1 T_0.0, 6;
    %cmpi/u 8, 1, 4;
    %jmp/1 T_0.1, 6;
    %ix/load 0, 8, 0;
    %assign/v0 v0x26a5220_0, 0, 2;
    %jmp T_0.3;
T_0.0 ;
    %load/v 8, v0x26a5070_0, 8;
    %load/v 16, v0x26a5140_0, 8;
    %add 8, 16, 8;
    %ix/load 0, 8, 0;
    %assign/v0 v0x26a5220_0, 0, 8;
    %jmp T_0.3;
T_0.1 ;
    %load/v 8, v0x26a5070_0, 8;
    %load/v 16, v0x26a5140_0, 8;
    %sub 8, 16, 8;
    %ix/load 0, 8, 0;
    %assign/v0 v0x26a5220_0, 0, 8;
    %jmp T_0.3;
T_0.3 ;
    %jmp T_0;
    .thread T_0;
    .scope S_0x26a53f0;
T_1 ;
    %wait E_0x2635270;
    %load/v 8, v0x26a5c60_0, 1;
    %jmp/0xz  T_1.0, 8;
    %load/v 8, v0x26a59d0_0, 8;
    %load/v 16, v0x26a57e0_0, 5;
    %pad 21, 0, 2;
    %ix/get 3, 16, 7;
    %jmp/1 t_0, 4;
    %ix/load 1, 0, 0; part off
    %ix/load 0, 8, 0; word width
    %assign/av v0x26a5b50, 0, 8;
t_0 ;
    %ix/load 0, 8, 0;
    %assign/v0 v0x26a5a70_0, 8000, 0;
    %jmp T_1.1;
T_1.0 ;
    %load/v 16, v0x26a57e0_0, 5;
    %pad 21, 0, 2;
    %ix/get 3, 16, 7;
    %load/av 8, v0x26a5b50, 8;
    %ix/load 0, 8, 0;
    %assign/v0 v0x26a5a70_0, 0, 8;
T_1.1 ;
    %jmp T_1;
    .thread T_1;
    .scope S_0x2658920;
T_2 ;
    %set/v v0x26a4890_0, 0, 4;
    %end;
    .thread T_2;
    .scope S_0x2658920;
T_3 ;
    %wait E_0x2635270;
    %load/v 8, v0x26a3e80_0, 20;
    %set/v v0x26a3f60_0, 8, 20;
    %load/v 8, v0x26a4890_0, 4;
    %cmpi/u 8, 0, 4;
    %jmp/1 T_3.0, 6;
    %cmpi/u 8, 1, 4;
    %jmp/1 T_3.1, 6;
    %cmpi/u 8, 2, 4;
    %jmp/1 T_3.2, 6;
    %cmpi/u 8, 4, 4;
    %jmp/1 T_3.3, 6;
    %cmpi/u 8, 8, 4;
    %jmp/1 T_3.4, 6;
    %set/v v0x26a4890_0, 0, 4;
    %jmp T_3.6;
T_3.0 ;
    %ix/load 1, 18, 0;
    %mov 4, 0, 1;
    %jmp/1 T_3.7, 4;
    %load/x1p 8, v0x26a3f60_0, 2;
    %jmp T_3.8;
T_3.7 ;
    %mov 8, 2, 2;
T_3.8 ;
; Save base=8 wid=2 in lookaside.
    %cmpi/u 8, 0, 2;
    %jmp/0xz  T_3.9, 4;
    %set/v v0x26a4890_0, 0, 4;
    %jmp T_3.10;
T_3.9 ;
    %movi 8, 1, 4;
    %set/v v0x26a4890_0, 8, 4;
T_3.10 ;
    %ix/load 3, 0, 0; address
    %ix/load 1, 0, 0; part off
    %ix/load 0, 8, 0; word width
    %assign/av v0x26a4420, 0, 0;
t_1 ;
    %movi 8, 1, 8;
    %ix/load 3, 1, 0; address
    %ix/load 1, 0, 0; part off
    %ix/load 0, 8, 0; word width
    %assign/av v0x26a4420, 0, 8;
t_2 ;
    %movi 8, 2, 8;
    %ix/load 3, 2, 0; address
    %ix/load 1, 0, 0; part off
    %ix/load 0, 8, 0; word width
    %assign/av v0x26a4420, 0, 8;
t_3 ;
    %movi 8, 3, 8;
    %ix/load 3, 3, 0; address
    %ix/load 1, 0, 0; part off
    %ix/load 0, 8, 0; word width
    %assign/av v0x26a4420, 0, 8;
t_4 ;
    %ix/load 0, 8, 0;
    %assign/v0 v0x26a4260_0, 8000, 0;
    %ix/load 0, 8, 0;
    %assign/v0 v0x26a4340_0, 8000, 0;
    %ix/load 0, 8, 0;
    %assign/v0 v0x26a4050_0, 8000, 0;
    %ix/load 0, 4, 0;
    %assign/v0 v0x26a4130_0, 0, 1;
    %ix/load 0, 1, 0;
    %assign/v0 v0x26a4710_0, 0, 0;
    %ix/load 0, 1, 0;
    %assign/v0 v0x26a47d0_0, 0, 0;
    %ix/load 0, 1, 0;
    %assign/v0 v0x26a4970_0, 0, 0;
    %jmp T_3.6;
T_3.1 ;
    %movi 8, 2, 4;
    %set/v v0x26a4890_0, 8, 4;
    %ix/load 1, 18, 0;
    %mov 4, 0, 1;
    %jmp/1 T_3.11, 4;
    %load/x1p 8, v0x26a3f60_0, 2;
    %jmp T_3.12;
T_3.11 ;
    %mov 8, 2, 2;
T_3.12 ;
; Save base=8 wid=2 in lookaside.
    %cmpi/u 8, 1, 2;
    %jmp/0xz  T_3.13, 4;
    %ix/load 1, 14, 0;
    %mov 4, 0, 1;
    %jmp/1 T_3.15, 4;
    %load/x1p 20, v0x26a3f60_0, 2;
    %jmp T_3.16;
T_3.15 ;
    %mov 20, 2, 2;
T_3.16 ;
    %mov 16, 20, 2; Move signal select into place
    %pad 18, 0, 2;
    %ix/get 3, 16, 4;
    %load/av 8, v0x26a4420, 8;
    %ix/load 0, 8, 0;
    %assign/v0 v0x26a4260_0, 0, 8;
    %ix/load 1, 12, 0;
    %mov 4, 0, 1;
    %jmp/1 T_3.17, 4;
    %load/x1p 20, v0x26a3f60_0, 2;
    %jmp T_3.18;
T_3.17 ;
    %mov 20, 2, 2;
T_3.18 ;
    %mov 16, 20, 2; Move signal select into place
    %pad 18, 0, 2;
    %ix/get 3, 16, 4;
    %load/av 8, v0x26a4420, 8;
    %ix/load 0, 8, 0;
    %assign/v0 v0x26a4340_0, 0, 8;
    %ix/load 1, 4, 0;
    %mov 4, 0, 1;
    %jmp/1 T_3.19, 4;
    %load/x1p 8, v0x26a3f60_0, 8;
    %jmp T_3.20;
T_3.19 ;
    %mov 8, 2, 8;
T_3.20 ;
; Save base=8 wid=8 in lookaside.
    %ix/load 0, 8, 0;
    %assign/v0 v0x26a4050_0, 0, 8;
    %load/v 8, v0x26a3f60_0, 4; Only need 4 of 20 bits
; Save base=8 wid=4 in lookaside.
    %ix/load 0, 4, 0;
    %assign/v0 v0x26a4130_0, 0, 8;
    %ix/load 0, 1, 0;
    %assign/v0 v0x26a4710_0, 0, 1;
    %ix/load 0, 1, 0;
    %assign/v0 v0x26a47d0_0, 0, 0;
    %ix/load 0, 1, 0;
    %assign/v0 v0x26a4970_0, 0, 0;
    %jmp T_3.14;
T_3.13 ;
    %ix/load 1, 18, 0;
    %mov 4, 0, 1;
    %jmp/1 T_3.21, 4;
    %load/x1p 8, v0x26a3f60_0, 2;
    %jmp T_3.22;
T_3.21 ;
    %mov 8, 2, 2;
T_3.22 ;
; Save base=8 wid=2 in lookaside.
    %cmpi/u 8, 2, 2;
    %jmp/0xz  T_3.23, 4;
    %ix/load 1, 14, 0;
    %mov 4, 0, 1;
    %jmp/1 T_3.25, 4;
    %load/x1p 20, v0x26a3f60_0, 2;
    %jmp T_3.26;
T_3.25 ;
    %mov 20, 2, 2;
T_3.26 ;
    %mov 16, 20, 2; Move signal select into place
    %pad 18, 0, 2;
    %ix/get 3, 16, 4;
    %load/av 8, v0x26a4420, 8;
    %ix/load 0, 8, 0;
    %assign/v0 v0x26a4260_0, 0, 8;
    %ix/load 1, 16, 0;
    %mov 4, 0, 1;
    %jmp/1 T_3.27, 4;
    %load/x1p 20, v0x26a3f60_0, 2;
    %jmp T_3.28;
T_3.27 ;
    %mov 20, 2, 2;
T_3.28 ;
    %mov 16, 20, 2; Move signal select into place
    %pad 18, 0, 2;
    %ix/get 3, 16, 4;
    %load/av 8, v0x26a4420, 8;
    %ix/load 0, 8, 0;
    %assign/v0 v0x26a4340_0, 0, 8;
    %ix/load 1, 4, 0;
    %mov 4, 0, 1;
    %jmp/1 T_3.29, 4;
    %load/x1p 8, v0x26a3f60_0, 8;
    %jmp T_3.30;
T_3.29 ;
    %mov 8, 2, 8;
T_3.30 ;
; Save base=8 wid=8 in lookaside.
    %ix/load 0, 8, 0;
    %assign/v0 v0x26a4050_0, 0, 8;
    %load/v 8, v0x26a3f60_0, 4; Only need 4 of 20 bits
; Save base=8 wid=4 in lookaside.
    %ix/load 0, 4, 0;
    %assign/v0 v0x26a4130_0, 0, 8;
    %ix/load 0, 1, 0;
    %assign/v0 v0x26a4710_0, 0, 0;
    %ix/load 0, 1, 0;
    %assign/v0 v0x26a47d0_0, 0, 1;
    %ix/load 0, 1, 0;
    %assign/v0 v0x26a4970_0, 0, 0;
    %jmp T_3.24;
T_3.23 ;
    %ix/load 1, 18, 0;
    %mov 4, 0, 1;
    %jmp/1 T_3.31, 4;
    %load/x1p 8, v0x26a3f60_0, 2;
    %jmp T_3.32;
T_3.31 ;
    %mov 8, 2, 2;
T_3.32 ;
; Save base=8 wid=2 in lookaside.
    %cmpi/u 8, 3, 2;
    %jmp/0xz  T_3.33, 4;
    %ix/load 1, 14, 0;
    %mov 4, 0, 1;
    %jmp/1 T_3.35, 4;
    %load/x1p 20, v0x26a3f60_0, 2;
    %jmp T_3.36;
T_3.35 ;
    %mov 20, 2, 2;
T_3.36 ;
    %mov 16, 20, 2; Move signal select into place
    %pad 18, 0, 2;
    %ix/get 3, 16, 4;
    %load/av 8, v0x26a4420, 8;
    %ix/load 0, 8, 0;
    %assign/v0 v0x26a4260_0, 0, 8;
    %ix/load 1, 16, 0;
    %mov 4, 0, 1;
    %jmp/1 T_3.37, 4;
    %load/x1p 20, v0x26a3f60_0, 2;
    %jmp T_3.38;
T_3.37 ;
    %mov 20, 2, 2;
T_3.38 ;
    %mov 16, 20, 2; Move signal select into place
    %pad 18, 0, 2;
    %ix/get 3, 16, 4;
    %load/av 8, v0x26a4420, 8;
    %ix/load 0, 8, 0;
    %assign/v0 v0x26a4340_0, 0, 8;
    %ix/load 1, 4, 0;
    %mov 4, 0, 1;
    %jmp/1 T_3.39, 4;
    %load/x1p 8, v0x26a3f60_0, 8;
    %jmp T_3.40;
T_3.39 ;
    %mov 8, 2, 8;
T_3.40 ;
; Save base=8 wid=8 in lookaside.
    %ix/load 0, 8, 0;
    %assign/v0 v0x26a4050_0, 0, 8;
    %load/v 8, v0x26a3f60_0, 4; Only need 4 of 20 bits
; Save base=8 wid=4 in lookaside.
    %ix/load 0, 4, 0;
    %assign/v0 v0x26a4130_0, 0, 8;
    %ix/load 0, 1, 0;
    %assign/v0 v0x26a4710_0, 0, 0;
    %ix/load 0, 1, 0;
    %assign/v0 v0x26a47d0_0, 0, 1;
    %ix/load 0, 1, 0;
    %assign/v0 v0x26a4970_0, 0, 0;
T_3.33 ;
T_3.24 ;
T_3.14 ;
    %jmp T_3.6;
T_3.2 ;
    %movi 8, 4, 4;
    %set/v v0x26a4890_0, 8, 4;
    %ix/load 1, 18, 0;
    %mov 4, 0, 1;
    %jmp/1 T_3.41, 4;
    %load/x1p 8, v0x26a3f60_0, 2;
    %jmp T_3.42;
T_3.41 ;
    %mov 8, 2, 2;
T_3.42 ;
; Save base=8 wid=2 in lookaside.
    %cmpi/u 8, 1, 2;
    %jmp/0xz  T_3.43, 4;
    %movi 8, 8, 4;
    %set/v v0x26a4890_0, 8, 4;
    %ix/load 1, 14, 0;
    %mov 4, 0, 1;
    %jmp/1 T_3.45, 4;
    %load/x1p 20, v0x26a3f60_0, 2;
    %jmp T_3.46;
T_3.45 ;
    %mov 20, 2, 2;
T_3.46 ;
    %mov 16, 20, 2; Move signal select into place
    %pad 18, 0, 2;
    %ix/get 3, 16, 4;
    %load/av 8, v0x26a4420, 8;
    %ix/load 0, 8, 0;
    %assign/v0 v0x26a4260_0, 0, 8;
    %ix/load 1, 12, 0;
    %mov 4, 0, 1;
    %jmp/1 T_3.47, 4;
    %load/x1p 20, v0x26a3f60_0, 2;
    %jmp T_3.48;
T_3.47 ;
    %mov 20, 2, 2;
T_3.48 ;
    %mov 16, 20, 2; Move signal select into place
    %pad 18, 0, 2;
    %ix/get 3, 16, 4;
    %load/av 8, v0x26a4420, 8;
    %ix/load 0, 8, 0;
    %assign/v0 v0x26a4340_0, 0, 8;
    %ix/load 1, 4, 0;
    %mov 4, 0, 1;
    %jmp/1 T_3.49, 4;
    %load/x1p 8, v0x26a3f60_0, 8;
    %jmp T_3.50;
T_3.49 ;
    %mov 8, 2, 8;
T_3.50 ;
; Save base=8 wid=8 in lookaside.
    %ix/load 0, 8, 0;
    %assign/v0 v0x26a4050_0, 0, 8;
    %load/v 8, v0x26a3f60_0, 4; Only need 4 of 20 bits
; Save base=8 wid=4 in lookaside.
    %ix/load 0, 4, 0;
    %assign/v0 v0x26a4130_0, 0, 8;
    %ix/load 0, 1, 0;
    %assign/v0 v0x26a4710_0, 0, 1;
    %ix/load 0, 1, 0;
    %assign/v0 v0x26a47d0_0, 0, 0;
    %ix/load 0, 1, 0;
    %assign/v0 v0x26a4970_0, 0, 0;
    %jmp T_3.44;
T_3.43 ;
    %ix/load 1, 18, 0;
    %mov 4, 0, 1;
    %jmp/1 T_3.51, 4;
    %load/x1p 8, v0x26a3f60_0, 2;
    %jmp T_3.52;
T_3.51 ;
    %mov 8, 2, 2;
T_3.52 ;
; Save base=8 wid=2 in lookaside.
    %cmpi/u 8, 2, 2;
    %jmp/0xz  T_3.53, 4;
    %ix/load 1, 14, 0;
    %mov 4, 0, 1;
    %jmp/1 T_3.55, 4;
    %load/x1p 20, v0x26a3f60_0, 2;
    %jmp T_3.56;
T_3.55 ;
    %mov 20, 2, 2;
T_3.56 ;
    %mov 16, 20, 2; Move signal select into place
    %pad 18, 0, 2;
    %ix/get 3, 16, 4;
    %load/av 8, v0x26a4420, 8;
    %ix/load 0, 8, 0;
    %assign/v0 v0x26a4260_0, 0, 8;
    %ix/load 1, 16, 0;
    %mov 4, 0, 1;
    %jmp/1 T_3.57, 4;
    %load/x1p 20, v0x26a3f60_0, 2;
    %jmp T_3.58;
T_3.57 ;
    %mov 20, 2, 2;
T_3.58 ;
    %mov 16, 20, 2; Move signal select into place
    %pad 18, 0, 2;
    %ix/get 3, 16, 4;
    %load/av 8, v0x26a4420, 8;
    %ix/load 0, 8, 0;
    %assign/v0 v0x26a4340_0, 0, 8;
    %ix/load 1, 4, 0;
    %mov 4, 0, 1;
    %jmp/1 T_3.59, 4;
    %load/x1p 8, v0x26a3f60_0, 8;
    %jmp T_3.60;
T_3.59 ;
    %mov 8, 2, 8;
T_3.60 ;
; Save base=8 wid=8 in lookaside.
    %ix/load 0, 8, 0;
    %assign/v0 v0x26a4050_0, 0, 8;
    %load/v 8, v0x26a3f60_0, 4; Only need 4 of 20 bits
; Save base=8 wid=4 in lookaside.
    %ix/load 0, 4, 0;
    %assign/v0 v0x26a4130_0, 0, 8;
    %ix/load 0, 1, 0;
    %assign/v0 v0x26a4710_0, 0, 0;
    %ix/load 0, 1, 0;
    %assign/v0 v0x26a47d0_0, 0, 1;
    %ix/load 0, 1, 0;
    %assign/v0 v0x26a4970_0, 0, 0;
    %jmp T_3.54;
T_3.53 ;
    %ix/load 1, 18, 0;
    %mov 4, 0, 1;
    %jmp/1 T_3.61, 4;
    %load/x1p 8, v0x26a3f60_0, 2;
    %jmp T_3.62;
T_3.61 ;
    %mov 8, 2, 2;
T_3.62 ;
; Save base=8 wid=2 in lookaside.
    %cmpi/u 8, 3, 2;
    %jmp/0xz  T_3.63, 4;
    %ix/load 1, 14, 0;
    %mov 4, 0, 1;
    %jmp/1 T_3.65, 4;
    %load/x1p 20, v0x26a3f60_0, 2;
    %jmp T_3.66;
T_3.65 ;
    %mov 20, 2, 2;
T_3.66 ;
    %mov 16, 20, 2; Move signal select into place
    %pad 18, 0, 2;
    %ix/get 3, 16, 4;
    %load/av 8, v0x26a4420, 8;
    %ix/load 0, 8, 0;
    %assign/v0 v0x26a4260_0, 0, 8;
    %ix/load 1, 16, 0;
    %mov 4, 0, 1;
    %jmp/1 T_3.67, 4;
    %load/x1p 20, v0x26a3f60_0, 2;
    %jmp T_3.68;
T_3.67 ;
    %mov 20, 2, 2;
T_3.68 ;
    %mov 16, 20, 2; Move signal select into place
    %pad 18, 0, 2;
    %ix/get 3, 16, 4;
    %load/av 8, v0x26a4420, 8;
    %ix/load 0, 8, 0;
    %assign/v0 v0x26a4340_0, 0, 8;
    %ix/load 1, 4, 0;
    %mov 4, 0, 1;
    %jmp/1 T_3.69, 4;
    %load/x1p 8, v0x26a3f60_0, 8;
    %jmp T_3.70;
T_3.69 ;
    %mov 8, 2, 8;
T_3.70 ;
; Save base=8 wid=8 in lookaside.
    %ix/load 0, 8, 0;
    %assign/v0 v0x26a4050_0, 0, 8;
    %load/v 8, v0x26a3f60_0, 4; Only need 4 of 20 bits
; Save base=8 wid=4 in lookaside.
    %ix/load 0, 4, 0;
    %assign/v0 v0x26a4130_0, 0, 8;
    %ix/load 0, 1, 0;
    %assign/v0 v0x26a4710_0, 0, 0;
    %ix/load 0, 1, 0;
    %assign/v0 v0x26a47d0_0, 0, 1;
    %ix/load 0, 1, 0;
    %assign/v0 v0x26a4970_0, 0, 1;
T_3.63 ;
T_3.54 ;
T_3.44 ;
    %jmp T_3.6;
T_3.3 ;
    %movi 8, 8, 4;
    %set/v v0x26a4890_0, 8, 4;
    %ix/load 1, 18, 0;
    %mov 4, 0, 1;
    %jmp/1 T_3.71, 4;
    %load/x1p 8, v0x26a3f60_0, 2;
    %jmp T_3.72;
T_3.71 ;
    %mov 8, 2, 2;
T_3.72 ;
; Save base=8 wid=2 in lookaside.
    %cmpi/u 8, 2, 2;
    %jmp/0xz  T_3.73, 4;
    %ix/load 1, 14, 0;
    %mov 4, 0, 1;
    %jmp/1 T_3.75, 4;
    %load/x1p 20, v0x26a3f60_0, 2;
    %jmp T_3.76;
T_3.75 ;
    %mov 20, 2, 2;
T_3.76 ;
    %mov 16, 20, 2; Move signal select into place
    %pad 18, 0, 2;
    %ix/get 3, 16, 4;
    %load/av 8, v0x26a4420, 8;
    %ix/load 0, 8, 0;
    %assign/v0 v0x26a4260_0, 0, 8;
    %ix/load 1, 16, 0;
    %mov 4, 0, 1;
    %jmp/1 T_3.77, 4;
    %load/x1p 20, v0x26a3f60_0, 2;
    %jmp T_3.78;
T_3.77 ;
    %mov 20, 2, 2;
T_3.78 ;
    %mov 16, 20, 2; Move signal select into place
    %pad 18, 0, 2;
    %ix/get 3, 16, 4;
    %load/av 8, v0x26a4420, 8;
    %ix/load 0, 8, 0;
    %assign/v0 v0x26a4340_0, 0, 8;
    %ix/load 1, 4, 0;
    %mov 4, 0, 1;
    %jmp/1 T_3.79, 4;
    %load/x1p 8, v0x26a3f60_0, 8;
    %jmp T_3.80;
T_3.79 ;
    %mov 8, 2, 8;
T_3.80 ;
; Save base=8 wid=8 in lookaside.
    %ix/load 0, 8, 0;
    %assign/v0 v0x26a4050_0, 0, 8;
    %load/v 8, v0x26a3f60_0, 4; Only need 4 of 20 bits
; Save base=8 wid=4 in lookaside.
    %ix/load 0, 4, 0;
    %assign/v0 v0x26a4130_0, 0, 8;
    %ix/load 0, 1, 0;
    %assign/v0 v0x26a4710_0, 0, 0;
    %ix/load 0, 1, 0;
    %assign/v0 v0x26a47d0_0, 0, 1;
    %ix/load 0, 1, 0;
    %assign/v0 v0x26a4970_0, 0, 0;
    %jmp T_3.74;
T_3.73 ;
    %ix/load 1, 18, 0;
    %mov 4, 0, 1;
    %jmp/1 T_3.81, 4;
    %load/x1p 8, v0x26a3f60_0, 2;
    %jmp T_3.82;
T_3.81 ;
    %mov 8, 2, 2;
T_3.82 ;
; Save base=8 wid=2 in lookaside.
    %cmpi/u 8, 3, 2;
    %jmp/0xz  T_3.83, 4;
    %movi 8, 1, 4;
    %set/v v0x26a4890_0, 8, 4;
    %ix/load 1, 14, 0;
    %mov 4, 0, 1;
    %jmp/1 T_3.85, 4;
    %load/x1p 20, v0x26a3f60_0, 2;
    %jmp T_3.86;
T_3.85 ;
    %mov 20, 2, 2;
T_3.86 ;
    %mov 16, 20, 2; Move signal select into place
    %pad 18, 0, 2;
    %ix/get 3, 16, 4;
    %load/av 8, v0x26a4420, 8;
    %ix/load 0, 8, 0;
    %assign/v0 v0x26a4260_0, 0, 8;
    %ix/load 1, 16, 0;
    %mov 4, 0, 1;
    %jmp/1 T_3.87, 4;
    %load/x1p 20, v0x26a3f60_0, 2;
    %jmp T_3.88;
T_3.87 ;
    %mov 20, 2, 2;
T_3.88 ;
    %mov 16, 20, 2; Move signal select into place
    %pad 18, 0, 2;
    %ix/get 3, 16, 4;
    %load/av 8, v0x26a4420, 8;
    %ix/load 0, 8, 0;
    %assign/v0 v0x26a4340_0, 0, 8;
    %ix/load 1, 4, 0;
    %mov 4, 0, 1;
    %jmp/1 T_3.89, 4;
    %load/x1p 8, v0x26a3f60_0, 8;
    %jmp T_3.90;
T_3.89 ;
    %mov 8, 2, 8;
T_3.90 ;
; Save base=8 wid=8 in lookaside.
    %ix/load 0, 8, 0;
    %assign/v0 v0x26a4050_0, 0, 8;
    %load/v 8, v0x26a3f60_0, 4; Only need 4 of 20 bits
; Save base=8 wid=4 in lookaside.
    %ix/load 0, 4, 0;
    %assign/v0 v0x26a4130_0, 0, 8;
    %ix/load 0, 1, 0;
    %assign/v0 v0x26a4710_0, 0, 0;
    %ix/load 0, 1, 0;
    %assign/v0 v0x26a47d0_0, 0, 1;
    %ix/load 0, 1, 0;
    %assign/v0 v0x26a4970_0, 0, 0;
T_3.83 ;
T_3.74 ;
    %jmp T_3.6;
T_3.4 ;
    %movi 8, 1, 4;
    %set/v v0x26a4890_0, 8, 4;
    %ix/load 1, 18, 0;
    %mov 4, 0, 1;
    %jmp/1 T_3.91, 4;
    %load/x1p 8, v0x26a3f60_0, 2;
    %jmp T_3.92;
T_3.91 ;
    %mov 8, 2, 2;
T_3.92 ;
; Save base=8 wid=2 in lookaside.
    %cmpi/u 8, 1, 2;
    %jmp/0xz  T_3.93, 4;
    %load/v 8, v0x26a44e0_0, 8;
    %ix/load 1, 16, 0;
    %mov 4, 0, 1;
    %jmp/1 T_3.95, 4;
    %load/x1p 20, v0x26a3f60_0, 2;
    %jmp T_3.96;
T_3.95 ;
    %mov 20, 2, 2;
T_3.96 ;
    %mov 16, 20, 2; Move signal select into place
    %pad 18, 0, 2;
    %ix/get 3, 16, 4;
    %jmp/1 t_5, 4;
    %ix/load 1, 0, 0; part off
    %ix/load 0, 8, 0; word width
    %assign/av v0x26a4420, 0, 8;
t_5 ;
    %ix/load 1, 14, 0;
    %mov 4, 0, 1;
    %jmp/1 T_3.97, 4;
    %load/x1p 20, v0x26a3f60_0, 2;
    %jmp T_3.98;
T_3.97 ;
    %mov 20, 2, 2;
T_3.98 ;
    %mov 16, 20, 2; Move signal select into place
    %pad 18, 0, 2;
    %ix/get 3, 16, 4;
    %load/av 8, v0x26a4420, 8;
    %ix/load 0, 8, 0;
    %assign/v0 v0x26a4260_0, 0, 8;
    %ix/load 1, 12, 0;
    %mov 4, 0, 1;
    %jmp/1 T_3.99, 4;
    %load/x1p 20, v0x26a3f60_0, 2;
    %jmp T_3.100;
T_3.99 ;
    %mov 20, 2, 2;
T_3.100 ;
    %mov 16, 20, 2; Move signal select into place
    %pad 18, 0, 2;
    %ix/get 3, 16, 4;
    %load/av 8, v0x26a4420, 8;
    %ix/load 0, 8, 0;
    %assign/v0 v0x26a4340_0, 0, 8;
    %ix/load 1, 4, 0;
    %mov 4, 0, 1;
    %jmp/1 T_3.101, 4;
    %load/x1p 8, v0x26a3f60_0, 8;
    %jmp T_3.102;
T_3.101 ;
    %mov 8, 2, 8;
T_3.102 ;
; Save base=8 wid=8 in lookaside.
    %ix/load 0, 8, 0;
    %assign/v0 v0x26a4050_0, 0, 8;
    %load/v 8, v0x26a3f60_0, 4; Only need 4 of 20 bits
; Save base=8 wid=4 in lookaside.
    %ix/load 0, 4, 0;
    %assign/v0 v0x26a4130_0, 0, 8;
    %ix/load 0, 1, 0;
    %assign/v0 v0x26a4710_0, 0, 1;
    %ix/load 0, 1, 0;
    %assign/v0 v0x26a47d0_0, 0, 0;
    %ix/load 0, 1, 0;
    %assign/v0 v0x26a4970_0, 0, 0;
    %jmp T_3.94;
T_3.93 ;
    %ix/load 1, 18, 0;
    %mov 4, 0, 1;
    %jmp/1 T_3.103, 4;
    %load/x1p 8, v0x26a3f60_0, 2;
    %jmp T_3.104;
T_3.103 ;
    %mov 8, 2, 2;
T_3.104 ;
; Save base=8 wid=2 in lookaside.
    %cmpi/u 8, 3, 2;
    %jmp/0xz  T_3.105, 4;
    %ix/load 1, 14, 0;
    %mov 4, 0, 1;
    %jmp/1 T_3.107, 4;
    %load/x1p 20, v0x26a3f60_0, 2;
    %jmp T_3.108;
T_3.107 ;
    %mov 20, 2, 2;
T_3.108 ;
    %mov 16, 20, 2; Move signal select into place
    %pad 18, 0, 2;
    %ix/get 3, 16, 4;
    %load/av 8, v0x26a4420, 8;
    %ix/load 0, 8, 0;
    %assign/v0 v0x26a4260_0, 0, 8;
    %ix/load 1, 16, 0;
    %mov 4, 0, 1;
    %jmp/1 T_3.109, 4;
    %load/x1p 20, v0x26a3f60_0, 2;
    %jmp T_3.110;
T_3.109 ;
    %mov 20, 2, 2;
T_3.110 ;
    %mov 16, 20, 2; Move signal select into place
    %pad 18, 0, 2;
    %ix/get 3, 16, 4;
    %load/av 8, v0x26a4420, 8;
    %ix/load 0, 8, 0;
    %assign/v0 v0x26a4340_0, 0, 8;
    %ix/load 1, 4, 0;
    %mov 4, 0, 1;
    %jmp/1 T_3.111, 4;
    %load/x1p 8, v0x26a3f60_0, 8;
    %jmp T_3.112;
T_3.111 ;
    %mov 8, 2, 8;
T_3.112 ;
; Save base=8 wid=8 in lookaside.
    %ix/load 0, 8, 0;
    %assign/v0 v0x26a4050_0, 0, 8;
    %load/v 8, v0x26a3f60_0, 4; Only need 4 of 20 bits
; Save base=8 wid=4 in lookaside.
    %ix/load 0, 4, 0;
    %assign/v0 v0x26a4130_0, 0, 8;
    %ix/load 0, 1, 0;
    %assign/v0 v0x26a4710_0, 0, 0;
    %ix/load 0, 1, 0;
    %assign/v0 v0x26a47d0_0, 0, 1;
    %ix/load 0, 1, 0;
    %assign/v0 v0x26a4970_0, 0, 1;
    %jmp T_3.106;
T_3.105 ;
    %ix/load 1, 18, 0;
    %mov 4, 0, 1;
    %jmp/1 T_3.113, 4;
    %load/x1p 8, v0x26a3f60_0, 2;
    %jmp T_3.114;
T_3.113 ;
    %mov 8, 2, 2;
T_3.114 ;
; Save base=8 wid=2 in lookaside.
    %cmpi/u 8, 2, 2;
    %jmp/0xz  T_3.115, 4;
    %load/v 8, v0x26a44e0_0, 8;
    %ix/load 1, 16, 0;
    %mov 4, 0, 1;
    %jmp/1 T_3.117, 4;
    %load/x1p 20, v0x26a3f60_0, 2;
    %jmp T_3.118;
T_3.117 ;
    %mov 20, 2, 2;
T_3.118 ;
    %mov 16, 20, 2; Move signal select into place
    %pad 18, 0, 2;
    %ix/get 3, 16, 4;
    %jmp/1 t_6, 4;
    %ix/load 1, 0, 0; part off
    %ix/load 0, 8, 0; word width
    %assign/av v0x26a4420, 0, 8;
t_6 ;
    %ix/load 1, 14, 0;
    %mov 4, 0, 1;
    %jmp/1 T_3.119, 4;
    %load/x1p 20, v0x26a3f60_0, 2;
    %jmp T_3.120;
T_3.119 ;
    %mov 20, 2, 2;
T_3.120 ;
    %mov 16, 20, 2; Move signal select into place
    %pad 18, 0, 2;
    %ix/get 3, 16, 4;
    %load/av 8, v0x26a4420, 8;
    %ix/load 0, 8, 0;
    %assign/v0 v0x26a4260_0, 0, 8;
    %ix/load 1, 16, 0;
    %mov 4, 0, 1;
    %jmp/1 T_3.121, 4;
    %load/x1p 20, v0x26a3f60_0, 2;
    %jmp T_3.122;
T_3.121 ;
    %mov 20, 2, 2;
T_3.122 ;
    %mov 16, 20, 2; Move signal select into place
    %pad 18, 0, 2;
    %ix/get 3, 16, 4;
    %load/av 8, v0x26a4420, 8;
    %ix/load 0, 8, 0;
    %assign/v0 v0x26a4340_0, 0, 8;
    %ix/load 1, 4, 0;
    %mov 4, 0, 1;
    %jmp/1 T_3.123, 4;
    %load/x1p 8, v0x26a3f60_0, 8;
    %jmp T_3.124;
T_3.123 ;
    %mov 8, 2, 8;
T_3.124 ;
; Save base=8 wid=8 in lookaside.
    %ix/load 0, 8, 0;
    %assign/v0 v0x26a4050_0, 0, 8;
    %load/v 8, v0x26a3f60_0, 4; Only need 4 of 20 bits
; Save base=8 wid=4 in lookaside.
    %ix/load 0, 4, 0;
    %assign/v0 v0x26a4130_0, 0, 8;
    %ix/load 0, 1, 0;
    %assign/v0 v0x26a4710_0, 0, 0;
    %ix/load 0, 1, 0;
    %assign/v0 v0x26a47d0_0, 0, 1;
    %ix/load 0, 1, 0;
    %assign/v0 v0x26a4970_0, 0, 0;
T_3.115 ;
T_3.106 ;
T_3.94 ;
    %jmp T_3.6;
T_3.6 ;
    %jmp T_3;
    .thread T_3;
    .scope S_0x264ba60;
T_4 ;
    %vpi_call/w 2 16 "$dumpfile", "dump.vcd" {0 0};
    %vpi_call/w 2 17 "$dumpvars", 1'sb0, S_0x264ba60 {0 0};
    %set/v v0x26a7dd0_0, 1, 1;
    %set/v v0x26a7fc0_0, 1, 1;
    %set/v v0x26a7f00_0, 0, 20;
    %movi 8, 3, 3;
T_4.0 %cmp/s 0, 8, 3;
    %jmp/0xz T_4.1, 5;
    %add 8, 1, 3;
    %delay 1000, 0;
    %load/v 11, v0x26a7dd0_0, 1;
    %inv 11, 1;
    %set/v v0x26a7dd0_0, 11, 1;
    %jmp T_4.0;
T_4.1 ;
    %set/v v0x26a7fc0_0, 0, 1;
    %movi 8, 2, 3;
T_4.2 %cmp/s 0, 8, 3;
    %jmp/0xz T_4.3, 5;
    %add 8, 1, 3;
    %delay 1000, 0;
    %load/v 11, v0x26a7dd0_0, 1;
    %inv 11, 1;
    %set/v v0x26a7dd0_0, 11, 1;
    %jmp T_4.2;
T_4.3 ;
    %movi 8, 290816, 20;
    %set/v v0x26a7f00_0, 8, 20;
    %movi 8, 8, 5;
T_4.4 %cmp/s 0, 8, 5;
    %jmp/0xz T_4.5, 5;
    %add 8, 1, 5;
    %delay 1000, 0;
    %load/v 13, v0x26a7dd0_0, 1;
    %inv 13, 1;
    %set/v v0x26a7dd0_0, 13, 1;
    %jmp T_4.4;
T_4.5 ;
    %movi 8, 339968, 20;
    %set/v v0x26a7f00_0, 8, 20;
    %movi 8, 6, 4;
T_4.6 %cmp/s 0, 8, 4;
    %jmp/0xz T_4.7, 5;
    %add 8, 1, 4;
    %delay 1000, 0;
    %load/v 12, v0x26a7dd0_0, 1;
    %inv 12, 1;
    %set/v v0x26a7dd0_0, 12, 1;
    %jmp T_4.6;
T_4.7 ;
    %movi 8, 466945, 20;
    %set/v v0x26a7f00_0, 8, 20;
    %movi 8, 6, 4;
T_4.8 %cmp/s 0, 8, 4;
    %jmp/0xz T_4.9, 5;
    %add 8, 1, 4;
    %delay 1000, 0;
    %load/v 12, v0x26a7dd0_0, 1;
    %inv 12, 1;
    %set/v v0x26a7dd0_0, 12, 1;
    %jmp T_4.8;
T_4.9 ;
    %movi 8, 884976, 20;
    %set/v v0x26a7f00_0, 8, 20;
    %movi 8, 6, 4;
T_4.10 %cmp/s 0, 8, 4;
    %jmp/0xz T_4.11, 5;
    %add 8, 1, 4;
    %delay 1000, 0;
    %load/v 12, v0x26a7dd0_0, 1;
    %inv 12, 1;
    %set/v v0x26a7dd0_0, 12, 1;
    %jmp T_4.10;
T_4.11 ;
    %movi 8, 835936, 20;
    %set/v v0x26a7f00_0, 8, 20;
    %movi 8, 6, 4;
T_4.12 %cmp/s 0, 8, 4;
    %jmp/0xz T_4.13, 5;
    %add 8, 1, 4;
    %delay 1000, 0;
    %load/v 12, v0x26a7dd0_0, 1;
    %inv 12, 1;
    %set/v v0x26a7dd0_0, 12, 1;
    %jmp T_4.12;
T_4.13 ;
    %movi 8, 753904, 20;
    %set/v v0x26a7f00_0, 8, 20;
    %movi 8, 7, 4;
T_4.14 %cmp/s 0, 8, 4;
    %jmp/0xz T_4.15, 5;
    %add 8, 1, 4;
    %delay 1000, 0;
    %load/v 12, v0x26a7dd0_0, 1;
    %inv 12, 1;
    %set/v v0x26a7dd0_0, 12, 1;
    %jmp T_4.14;
T_4.15 ;
    %end;
    .thread T_4;
# The file index is used to find the file name in the following table.
:file_names 7;
    "N/A";
    "<interactive>";
    "./tb_simple_CPU.v";
    "design.sv";
    "./CU.v";
    "./alu.v";
    "./RegMem.v";
